# JRE version: Java(TM) SE Runtime Environment (8.0_181-b13) (build 1.8.0_181-b13)
# Java VM: Java HotSpot(TM) 64-Bit Server VM (25.181-b13 mixed mode windows-amd64 compressed oops)
Heap:
 PSYoungGen      total 252416K, used 149200K [0x00000000eb200000, 0x0000000100000000, 0x0000000100000000)
  eden space 237568K, 57% used [0x00000000eb200000,0x00000000f37b69c0,0x00000000f9a00000)
  from space 14848K, 82% used [0x00000000f9a00000,0x00000000fa5fd648,0x00000000fa880000)
  to   space 16384K, 0% used [0x00000000ff000000,0x00000000ff000000,0x0000000100000000)
 ParOldGen       total 55296K, used 21536K [0x00000000c1600000, 0x00000000c4c00000, 0x00000000eb200000)
  object space 55296K, 38% used [0x00000000c1600000,0x00000000c2b08008,0x00000000c4c00000)
 Metaspace       used 55965K, capacity 57940K, committed 58112K, reserved 1099776K
  class space    used 7324K, capacity 7667K, committed 7680K, reserved 1048576K
GC Heap History (10 events):
Event: 6.322 GC heap before
{Heap before GC invocations=11 (full 1):
 PSYoungGen      total 136704K, used 136679K [0x00000000eb200000, 0x00000000f7700000, 0x0000000100000000)
  eden space 128512K, 99% used [0x00000000eb200000,0x00000000f2f7d360,0x00000000f2f80000)
  from space 8192K, 99% used [0x00000000f2f80000,0x00000000f377cc58,0x00000000f3780000)
  to   space 11264K, 0% used [0x00000000f6c00000,0x00000000f6c00000,0x00000000f7700000)
 ParOldGen       total 31232K, used 12132K [0x00000000c1600000, 0x00000000c3480000, 0x00000000eb200000)
  object space 31232K, 38% used [0x00000000c1600000,0x00000000c21d9378,0x00000000c3480000)
 Metaspace       used 32626K, capacity 33826K, committed 34176K, reserved 1079296K
  class space    used 4157K, capacity 4408K, committed 4480K, reserved 1048576K
Event: 6.350 GC heap after
Heap after GC invocations=11 (full 1):
 PSYoungGen      total 187904K, used 11256K [0x00000000eb200000, 0x00000000f7980000, 0x0000000100000000)
  eden space 176640K, 0% used [0x00000000eb200000,0x00000000eb200000,0x00000000f5e80000)
  from space 11264K, 99% used [0x00000000f6c00000,0x00000000f76fe2e0,0x00000000f7700000)
  to   space 13824K, 0% used [0x00000000f5e80000,0x00000000f5e80000,0x00000000f6c00000)
 ParOldGen       total 31232K, used 14591K [0x00000000c1600000, 0x00000000c3480000, 0x00000000eb200000)
  object space 31232K, 46% used [0x00000000c1600000,0x00000000c243fc98,0x00000000c3480000)
 Metaspace       used 32626K, capacity 33826K, committed 34176K, reserved 1079296K
  class space    used 4157K, capacity 4408K, committed 4480K, reserved 1048576K
}
Event: 7.112 GC heap before
{Heap before GC invocations=12 (full 1):
 PSYoungGen      total 187904K, used 91119K [0x00000000eb200000, 0x00000000f7980000, 0x0000000100000000)
  eden space 176640K, 45% used [0x00000000eb200000,0x00000000efffdb00,0x00000000f5e80000)
  from space 11264K, 99% used [0x00000000f6c00000,0x00000000f76fe2e0,0x00000000f7700000)
  to   space 13824K, 0% used [0x00000000f5e80000,0x00000000f5e80000,0x00000000f6c00000)
 ParOldGen       total 31232K, used 14591K [0x00000000c1600000, 0x00000000c3480000, 0x00000000eb200000)
  object space 31232K, 46% used [0x00000000c1600000,0x00000000c243fc98,0x00000000c3480000)
 Metaspace       used 34084K, capacity 35298K, committed 35416K, reserved 1081344K
  class space    used 4326K, capacity 4576K, committed 4608K, reserved 1048576K
Event: 7.138 GC heap after
Heap after GC invocations=12 (full 1):
 PSYoungGen      total 190464K, used 2671K [0x00000000eb200000, 0x00000000fb980000, 0x0000000100000000)
  eden space 176640K, 0% used [0x00000000eb200000,0x00000000eb200000,0x00000000f5e80000)
  from space 13824K, 19% used [0x00000000f5e80000,0x00000000f611bf50,0x00000000f6c00000)
  to   space 13824K, 0% used [0x00000000fac00000,0x00000000fac00000,0x00000000fb980000)
 ParOldGen       total 31232K, used 25452K [0x00000000c1600000, 0x00000000c3480000, 0x00000000eb200000)
  object space 31232K, 81% used [0x00000000c1600000,0x00000000c2edb1e0,0x00000000c3480000)
 Metaspace       used 34084K, capacity 35298K, committed 35416K, reserved 1081344K
  class space    used 4326K, capacity 4576K, committed 4608K, reserved 1048576K
}
Event: 7.138 GC heap before
{Heap before GC invocations=13 (full 2):
 PSYoungGen      total 190464K, used 2671K [0x00000000eb200000, 0x00000000fb980000, 0x0000000100000000)
  eden space 176640K, 0% used [0x00000000eb200000,0x00000000eb200000,0x00000000f5e80000)
  from space 13824K, 19% used [0x00000000f5e80000,0x00000000f611bf50,0x00000000f6c00000)
  to   space 13824K, 0% used [0x00000000fac00000,0x00000000fac00000,0x00000000fb980000)
 ParOldGen       total 31232K, used 25452K [0x00000000c1600000, 0x00000000c3480000, 0x00000000eb200000)
  object space 31232K, 81% used [0x00000000c1600000,0x00000000c2edb1e0,0x00000000c3480000)
 Metaspace       used 34084K, capacity 35298K, committed 35416K, reserved 1081344K
  class space    used 4326K, capacity 4576K, committed 4608K, reserved 1048576K
Event: 7.213 GC heap after
Heap after GC invocations=13 (full 2):
 PSYoungGen      total 190464K, used 0K [0x00000000eb200000, 0x00000000fb980000, 0x0000000100000000)
  eden space 176640K, 0% used [0x00000000eb200000,0x00000000eb200000,0x00000000f5e80000)
  from space 13824K, 0% used [0x00000000f5e80000,0x00000000f5e80000,0x00000000f6c00000)
  to   space 13824K, 0% used [0x00000000fac00000,0x00000000fac00000,0x00000000fb980000)
 ParOldGen       total 55296K, used 18321K [0x00000000c1600000, 0x00000000c4c00000, 0x00000000eb200000)
  object space 55296K, 33% used [0x00000000c1600000,0x00000000c27e44c8,0x00000000c4c00000)
 Metaspace       used 34084K, capacity 35298K, committed 35416K, reserved 1081344K
  class space    used 4326K, capacity 4576K, committed 4608K, reserved 1048576K
}
Event: 9.738 GC heap before
{Heap before GC invocations=14 (full 2):
 PSYoungGen      total 190464K, used 176640K [0x00000000eb200000, 0x00000000fb980000, 0x0000000100000000)
  eden space 176640K, 100% used [0x00000000eb200000,0x00000000f5e80000,0x00000000f5e80000)
  from space 13824K, 0% used [0x00000000f5e80000,0x00000000f5e80000,0x00000000f6c00000)
  to   space 13824K, 0% used [0x00000000fac00000,0x00000000fac00000,0x00000000fb980000)
 ParOldGen       total 55296K, used 18321K [0x00000000c1600000, 0x00000000c4c00000, 0x00000000eb200000)
  object space 55296K, 33% used [0x00000000c1600000,0x00000000c27e44c8,0x00000000c4c00000)
 Metaspace       used 44962K, capacity 46278K, committed 46592K, reserved 1089536K
  class space    used 5794K, capacity 6058K, committed 6144K, reserved 1048576K
Event: 9.760 GC heap after
Heap after GC invocations=14 (full 2):
 PSYoungGen      total 248832K, used 11042K [0x00000000eb200000, 0x00000000fb700000, 0x0000000100000000)
  eden space 237568K, 0% used [0x00000000eb200000,0x00000000eb200000,0x00000000f9a00000)
  from space 11264K, 98% used [0x00000000fac00000,0x00000000fb6c8820,0x00000000fb700000)
  to   space 14848K, 0% used [0x00000000f9a00000,0x00000000f9a00000,0x00000000fa880000)
 ParOldGen       total 55296K, used 18321K [0x00000000c1600000, 0x00000000c4c00000, 0x00000000eb200000)
  object space 55296K, 33% used [0x00000000c1600000,0x00000000c27e44c8,0x00000000c4c00000)
 Metaspace       used 44962K, capacity 46278K, committed 46592K, reserved 1089536K
  class space    used 5794K, capacity 6058K, committed 6144K, reserved 1048576K
}
Event: 12.586 GC heap before
{Heap before GC invocations=15 (full 2):
 PSYoungGen      total 248832K, used 248610K [0x00000000eb200000, 0x00000000fb700000, 0x0000000100000000)
  eden space 237568K, 100% used [0x00000000eb200000,0x00000000f9a00000,0x00000000f9a00000)
  from space 11264K, 98% used [0x00000000fac00000,0x00000000fb6c8820,0x00000000fb700000)
  to   space 14848K, 0% used [0x00000000f9a00000,0x00000000f9a00000,0x00000000fa880000)
 ParOldGen       total 55296K, used 18321K [0x00000000c1600000, 0x00000000c4c00000, 0x00000000eb200000)
  object space 55296K, 33% used [0x00000000c1600000,0x00000000c27e44c8,0x00000000c4c00000)
 Metaspace       used 51061K, capacity 52598K, committed 52864K, reserved 1095680K
  class space    used 6666K, capacity 6962K, committed 7040K, reserved 1048576K
Event: 12.616 GC heap after
Heap after GC invocations=15 (full 2):
 PSYoungGen      total 252416K, used 12277K [0x00000000eb200000, 0x0000000100000000, 0x0000000100000000)
  eden space 237568K, 0% used [0x00000000eb200000,0x00000000eb200000,0x00000000f9a00000)
  from space 14848K, 82% used [0x00000000f9a00000,0x00000000fa5fd648,0x00000000fa880000)
  to   space 16384K, 0% used [0x00000000ff000000,0x00000000ff000000,0x0000000100000000)
 ParOldGen       total 55296K, used 21536K [0x00000000c1600000, 0x00000000c4c00000, 0x00000000eb200000)
  object space 55296K, 38% used [0x00000000c1600000,0x00000000c2b08008,0x00000000c4c00000)
 Metaspace       used 51061K, capacity 52598K, committed 52864K, reserved 1095680K
  class space    used 6666K, capacity 6962K, committed 7040K, reserved 1048576K
}

